<!DOCTYPE html PUBLIC "-//W3C//DTD XHTML 1.1//EN" "https://www.w3.org/TR/xhtml11/DTD/xhtml11.dtd">
<html xmlns="https://www.w3.org/1999/xhtml">
<head>
<meta http-equiv="content-type" content="text/html; charset=UTF-8"/>
<title>TestNG Report</title>
<style type="text/css">table {margin-bottom:10px;border-collapse:collapse;empty-cells:show}th,td {border:1px solid #009;padding:.25em .5em}th {vertical-align:bottom}td {vertical-align:top}table a {font-weight:bold}.stripe td {background-color: #E6EBF9}.num {text-align:right}.passedodd td {background-color: #3F3}.passedeven td {background-color: #0A0}.skippedodd td {background-color: #DDD}.skippedeven td {background-color: #CCC}.failedodd td,.attn {background-color: #F33}.failedeven td,.stripe .attn {background-color: #D00}.stacktrace {white-space:pre;font-family:monospace}.totop {font-size:85%;text-align:center;border-bottom:2px solid #000}.invisible {display:none}</style>
</head>
<body>
<table>
<tr><th>Test</th><th># Passed</th><th># Skipped</th><th># Retried</th><th># Failed</th><th>Time (ms)</th><th>Included Groups</th><th>Excluded Groups</th></tr>
<tr><th colspan="8">signup</th></tr>
<tr><td><a href="#t0">verify with valid credentials</a></td><td class="num">1</td><td class="num">0</td><td class="num">0</td><td class="num">0</td><td class="num">2,303</td><td></td><td></td></tr>
<tr class="stripe"><td><a href="#t1">verify with blank password</a></td><td class="num">1</td><td class="num">0</td><td class="num">0</td><td class="num">0</td><td class="num">373</td><td></td><td></td></tr>
<tr><td><a href="#t2">verify with invalid password</a></td><td class="num">1</td><td class="num">0</td><td class="num">0</td><td class="num">0</td><td class="num">335</td><td></td><td></td></tr>
<tr class="stripe"><td><a href="#t3">verify with invalid email</a></td><td class="num">1</td><td class="num">0</td><td class="num">0</td><td class="num">0</td><td class="num">336</td><td></td><td></td></tr>
<tr><td><a href="#t4">verify with blank email</a></td><td class="num">1</td><td class="num">0</td><td class="num">0</td><td class="num">0</td><td class="num">326</td><td></td><td></td></tr>
<tr class="stripe"><td><a href="#t5">verify with blank timezone</a></td><td class="num">1</td><td class="num">0</td><td class="num">0</td><td class="num">0</td><td class="num">323</td><td></td><td></td></tr>
<tr><td><a href="#t6">verify with same credentials</a></td><td class="num">1</td><td class="num">0</td><td class="num">0</td><td class="num">0</td><td class="num">336</td><td></td><td></td></tr>
<tr class="stripe"><td><a href="#t7">verify login with valid credentials</a></td><td class="num">1</td><td class="num">0</td><td class="num">0</td><td class="num">0</td><td class="num">421</td><td></td><td></td></tr>
<tr><td><a href="#t8">verify login with invalid email</a></td><td class="num">1</td><td class="num">0</td><td class="num">0</td><td class="num">0</td><td class="num">336</td><td></td><td></td></tr>
<tr class="stripe"><td><a href="#t9">verify login with blank email</a></td><td class="num">1</td><td class="num">0</td><td class="num">0</td><td class="num">0</td><td class="num">330</td><td></td><td></td></tr>
<tr><td><a href="#t10">verify login with invalid password</a></td><td class="num">1</td><td class="num">0</td><td class="num">0</td><td class="num">0</td><td class="num">415</td><td></td><td></td></tr>
<tr class="stripe"><td><a href="#t11">verify login with blank password</a></td><td class="num">1</td><td class="num">0</td><td class="num">0</td><td class="num">0</td><td class="num">326</td><td></td><td></td></tr>
<tr><th>Total</th><th class="num">12</th><th class="num">0</th><th class="num">0</th><th class="num">0</th><th class="num">6,160</th><th colspan="2"></th></tr>
</table>
<table id='summary'><thead><tr><th>Class</th><th>Method</th><th>Start</th><th>Time (ms)</th></tr></thead><tbody><tr><th colspan="4">signup</th></tr></tbody><tbody id="t0"><tr><th colspan="4">verify with valid credentials &#8212; failed (configuration methods)</th></tr><tr class="failedeven"><td rowspan="1">api.test.SignUpTest</td><td><a href="#m0">tear_down</a></td><td rowspan="1">1656069750494</td><td rowspan="1">1</td></tr><tr><th colspan="4">verify with valid credentials &#8212; passed</th></tr><tr class="passedeven"><td rowspan="1">api.test.SignUpTest</td><td><a href="#m1">verify_with_valid_credentials</a></td><td rowspan="1">1656069748260</td><td rowspan="1">2233</td></tr></tbody>
<tbody id="t1"><tr><th colspan="4">verify with blank password &#8212; failed (configuration methods)</th></tr><tr class="failedeven"><td rowspan="1">api.test.SignUpTest</td><td><a href="#m2">tear_down</a></td><td rowspan="1">1656069750883</td><td rowspan="1">1</td></tr><tr><th colspan="4">verify with blank password &#8212; passed</th></tr><tr class="passedeven"><td rowspan="1">api.test.SignUpTest</td><td><a href="#m3">verify_with_blank_password</a></td><td rowspan="1">1656069750513</td><td rowspan="1">370</td></tr></tbody>
<tbody id="t2"><tr><th colspan="4">verify with invalid password &#8212; failed (configuration methods)</th></tr><tr class="failedeven"><td rowspan="1">api.test.SignUpTest</td><td><a href="#m4">tear_down</a></td><td rowspan="1">1656069751229</td><td rowspan="1">0</td></tr><tr><th colspan="4">verify with invalid password &#8212; passed</th></tr><tr class="passedeven"><td rowspan="1">api.test.SignUpTest</td><td><a href="#m5">verify_with_invalid_password</a></td><td rowspan="1">1656069750897</td><td rowspan="1">331</td></tr></tbody>
<tbody id="t3"><tr><th colspan="4">verify with invalid email &#8212; failed (configuration methods)</th></tr><tr class="failedeven"><td rowspan="1">api.test.SignUpTest</td><td><a href="#m6">tear_down</a></td><td rowspan="1">1656069751576</td><td rowspan="1">1</td></tr><tr><th colspan="4">verify with invalid email &#8212; passed</th></tr><tr class="passedeven"><td rowspan="1">api.test.SignUpTest</td><td><a href="#m7">verify_with_invalid_email</a></td><td rowspan="1">1656069751244</td><td rowspan="1">332</td></tr></tbody>
<tbody id="t4"><tr><th colspan="4">verify with blank email &#8212; failed (configuration methods)</th></tr><tr class="failedeven"><td rowspan="1">api.test.SignUpTest</td><td><a href="#m8">tear_down</a></td><td rowspan="1">1656069751915</td><td rowspan="1">0</td></tr><tr><th colspan="4">verify with blank email &#8212; passed</th></tr><tr class="passedeven"><td rowspan="1">api.test.SignUpTest</td><td><a href="#m9">verify_with_blank_email</a></td><td rowspan="1">1656069751593</td><td rowspan="1">321</td></tr></tbody>
<tbody id="t5"><tr><th colspan="4">verify with blank timezone &#8212; failed (configuration methods)</th></tr><tr class="failedeven"><td rowspan="1">api.test.SignUpTest</td><td><a href="#m10">tear_down</a></td><td rowspan="1">1656069752246</td><td rowspan="1">1</td></tr><tr><th colspan="4">verify with blank timezone &#8212; passed</th></tr><tr class="passedeven"><td rowspan="1">api.test.SignUpTest</td><td><a href="#m11">verify_with_blank_timezone</a></td><td rowspan="1">1656069751928</td><td rowspan="1">318</td></tr></tbody>
<tbody id="t6"><tr><th colspan="4">verify with same credentials &#8212; failed (configuration methods)</th></tr><tr class="failedeven"><td rowspan="1">api.test.SignUpTest</td><td><a href="#m12">tear_down</a></td><td rowspan="1">1656069752592</td><td rowspan="1">1</td></tr><tr><th colspan="4">verify with same credentials &#8212; passed</th></tr><tr class="passedeven"><td rowspan="1">api.test.SignUpTest</td><td><a href="#m13">verify_with_same_credentials</a></td><td rowspan="1">1656069752259</td><td rowspan="1">333</td></tr></tbody>
<tbody id="t7"><tr><th colspan="4">verify login with valid credentials &#8212; failed (configuration methods)</th></tr><tr class="failedeven"><td rowspan="1">api.test.LoginTest</td><td><a href="#m14">tear_down</a></td><td rowspan="1">1656069753022</td><td rowspan="1">0</td></tr><tr><th colspan="4">verify login with valid credentials &#8212; passed</th></tr><tr class="passedeven"><td rowspan="1">api.test.LoginTest</td><td><a href="#m15">verify_with_login_valid_credentials</a></td><td rowspan="1">1656069752605</td><td rowspan="1">416</td></tr></tbody>
<tbody id="t8"><tr><th colspan="4">verify login with invalid email &#8212; failed (configuration methods)</th></tr><tr class="failedeven"><td rowspan="1">api.test.LoginTest</td><td><a href="#m16">tear_down</a></td><td rowspan="1">1656069753393</td><td rowspan="1">1</td></tr><tr><th colspan="4">verify login with invalid email &#8212; passed</th></tr><tr class="passedeven"><td rowspan="1">api.test.LoginTest</td><td><a href="#m17">verify_with_login_invalid_email</a></td><td rowspan="1">1656069753060</td><td rowspan="1">333</td></tr></tbody>
<tbody id="t9"><tr><th colspan="4">verify login with blank email &#8212; failed (configuration methods)</th></tr><tr class="failedeven"><td rowspan="1">api.test.LoginTest</td><td><a href="#m18">tear_down</a></td><td rowspan="1">1656069753733</td><td rowspan="1">1</td></tr><tr><th colspan="4">verify login with blank email &#8212; passed</th></tr><tr class="passedeven"><td rowspan="1">api.test.LoginTest</td><td><a href="#m19">verify_with_login_blank_email</a></td><td rowspan="1">1656069753407</td><td rowspan="1">326</td></tr></tbody>
<tbody id="t10"><tr><th colspan="4">verify login with invalid password &#8212; failed (configuration methods)</th></tr><tr class="failedeven"><td rowspan="1">api.test.LoginTest</td><td><a href="#m20">tear_down</a></td><td rowspan="1">1656069754181</td><td rowspan="1">1</td></tr><tr><th colspan="4">verify login with invalid password &#8212; passed</th></tr><tr class="passedeven"><td rowspan="1">api.test.LoginTest</td><td><a href="#m21">verify_with_login_invalid_password</a></td><td rowspan="1">1656069753771</td><td rowspan="1">410</td></tr></tbody>
<tbody id="t11"><tr><th colspan="4">verify login with blank password &#8212; failed (configuration methods)</th></tr><tr class="failedeven"><td rowspan="1">api.test.LoginTest</td><td><a href="#m22">tear_down</a></td><td rowspan="1">1656069754517</td><td rowspan="1">1</td></tr><tr><th colspan="4">verify login with blank password &#8212; passed</th></tr><tr class="passedeven"><td rowspan="1">api.test.LoginTest</td><td><a href="#m23">verify_with_login_blank_password</a></td><td rowspan="1">1656069754194</td><td rowspan="1">323</td></tr></tbody>
</table>
<h2>verify with valid credentials</h2><h3 id="m0">api.test.SignUpTest#tear_down</h3><table class="result"><tr class="param"><th>Parameter #1</th></tr><tr class="param stripe"><td>[TestResult name=verify_with_valid_credentials status=SUCCESS method=SignUpTest.verify_with_valid_credentials()[pri:0, instance:api.test.SignUpTest@1d119efb] output=Step : ========================================================================&lt;br&gt;]</td></tr><tr><th>Exception</th></tr><tr><td><div class="stacktrace">java.lang.NullPointerException: Cannot invoke &quot;org.openqa.selenium.WebDriver.quit()&quot; because &quot;this.driver&quot; is null
	at io.unity.framework.init.base.tear_down(base.java:213)
	at java.base/java.util.ArrayList.forEach(ArrayList.java:1511)
	at io.unity.framework.runner.TestRunner.start(TestRunner.java:71)
	at Runner.Runner.main(Runner.java:10)
... Removed 27 stack frames</div></td></tr></table><p class="totop"><a href="#summary">back to summary</a></p>
<h3 id="m1">api.test.SignUpTest#verify_with_valid_credentials</h3><table class="result"><tr><th>Messages</th></tr><tr><td><div class="messages">Step : ========================================================================<br><br/>Step : Performing Request : signup/signup_with_valid_credentials<br><br/>Step : Request End Point : signup/signup_with_valid_credentials<br><br/>Step : Request Headers : {Content-Type=application/json}<br><br/>Step : Request body : {Content-Type=application/json}<br><br/>Step : ========================================================================<br><br/>Step : getting response : <br><br/>Step : Response object : {"payload":{"canResendUserVerificationCode":true},"message":"OTP has been sent successfully","statusCode":201}<br><br/>Step : ========================================================================<br><br/>Step : Validating status code is equal to expected value : 201<br><br/>Step : Test Passed<br></div></td></tr></table><p class="totop"><a href="#summary">back to summary</a></p>
<h2>verify with blank password</h2><h3 id="m2">api.test.SignUpTest#tear_down</h3><table class="result"><tr class="param"><th>Parameter #1</th></tr><tr class="param stripe"><td>[TestResult name=verify_with_blank_password status=SUCCESS method=SignUpTest.verify_with_blank_password()[pri:0, instance:api.test.SignUpTest@1dde4cb2] output=Step : ========================================================================&lt;br&gt;]</td></tr><tr><th>Exception</th></tr><tr><td><div class="stacktrace">java.lang.NullPointerException: Cannot invoke &quot;org.openqa.selenium.WebDriver.quit()&quot; because &quot;this.driver&quot; is null
	at io.unity.framework.init.base.tear_down(base.java:213)
	at java.base/java.util.ArrayList.forEach(ArrayList.java:1511)
	at io.unity.framework.runner.TestRunner.start(TestRunner.java:71)
	at Runner.Runner.main(Runner.java:10)
... Removed 27 stack frames</div></td></tr></table><p class="totop"><a href="#summary">back to summary</a></p>
<h3 id="m3">api.test.SignUpTest#verify_with_blank_password</h3><table class="result"><tr><th>Messages</th></tr><tr><td><div class="messages">Step : ========================================================================<br><br/>Step : Performing Request : signup/signup_with_blank_password<br><br/>Step : Request End Point : signup/signup_with_blank_password<br><br/>Step : Request Headers : {Content-Type=application/json}<br><br/>Step : Request body : {Content-Type=application/json}<br><br/>Step : ========================================================================<br><br/>Step : getting response : <br><br/>Step : Response object : {"messages":["Password must contain at least one upper case, lowercase and a number","password must be longer than or equal to 8 characters"],"error":true,"type":"validation","statusCode":400}<br><br/>Step : ========================================================================<br><br/>Step : Validating status code is equal to expected value : 400<br><br/>Step : Test Passed<br></div></td></tr></table><p class="totop"><a href="#summary">back to summary</a></p>
<h2>verify with invalid password</h2><h3 id="m4">api.test.SignUpTest#tear_down</h3><table class="result"><tr class="param"><th>Parameter #1</th></tr><tr class="param stripe"><td>[TestResult name=verify_with_invalid_password status=SUCCESS method=SignUpTest.verify_with_invalid_password()[pri:0, instance:api.test.SignUpTest@56620197] output=Step : ========================================================================&lt;br&gt;]</td></tr><tr><th>Exception</th></tr><tr><td><div class="stacktrace">java.lang.NullPointerException: Cannot invoke &quot;org.openqa.selenium.WebDriver.quit()&quot; because &quot;this.driver&quot; is null
	at io.unity.framework.init.base.tear_down(base.java:213)
	at java.base/java.util.ArrayList.forEach(ArrayList.java:1511)
	at io.unity.framework.runner.TestRunner.start(TestRunner.java:71)
	at Runner.Runner.main(Runner.java:10)
... Removed 27 stack frames</div></td></tr></table><p class="totop"><a href="#summary">back to summary</a></p>
<h3 id="m5">api.test.SignUpTest#verify_with_invalid_password</h3><table class="result"><tr><th>Messages</th></tr><tr><td><div class="messages">Step : ========================================================================<br><br/>Step : Performing Request : signup/signup_with_invalid_password<br><br/>Step : Request End Point : signup/signup_with_invalid_password<br><br/>Step : Request Headers : {Content-Type=application/json}<br><br/>Step : Request body : {Content-Type=application/json}<br><br/>Step : ========================================================================<br><br/>Step : getting response : <br><br/>Step : Response object : {"messages":["Password must contain at least one upper case, lowercase and a number","password must be longer than or equal to 8 characters"],"error":true,"type":"validation","statusCode":400}<br><br/>Step : ========================================================================<br><br/>Step : Validating status code is equal to expected value : 400<br><br/>Step : Test Passed<br></div></td></tr></table><p class="totop"><a href="#summary">back to summary</a></p>
<h2>verify with invalid email</h2><h3 id="m6">api.test.SignUpTest#tear_down</h3><table class="result"><tr class="param"><th>Parameter #1</th></tr><tr class="param stripe"><td>[TestResult name=verify_with_invalid_email status=SUCCESS method=SignUpTest.verify_with_invalid_email()[pri:0, instance:api.test.SignUpTest@192d43ce] output=Step : ========================================================================&lt;br&gt;]</td></tr><tr><th>Exception</th></tr><tr><td><div class="stacktrace">java.lang.NullPointerException: Cannot invoke &quot;org.openqa.selenium.WebDriver.quit()&quot; because &quot;this.driver&quot; is null
	at io.unity.framework.init.base.tear_down(base.java:213)
	at java.base/java.util.ArrayList.forEach(ArrayList.java:1511)
	at io.unity.framework.runner.TestRunner.start(TestRunner.java:71)
	at Runner.Runner.main(Runner.java:10)
... Removed 27 stack frames</div></td></tr></table><p class="totop"><a href="#summary">back to summary</a></p>
<h3 id="m7">api.test.SignUpTest#verify_with_invalid_email</h3><table class="result"><tr><th>Messages</th></tr><tr><td><div class="messages">Step : ========================================================================<br><br/>Step : Performing Request : signup/signup_with_invalid_email<br><br/>Step : Request End Point : signup/signup_with_invalid_email<br><br/>Step : Request Headers : {Content-Type=application/json}<br><br/>Step : Request body : {Content-Type=application/json}<br><br/>Step : ========================================================================<br><br/>Step : getting response : <br><br/>Step : Response object : {"messages":["email must be an email"],"error":true,"type":"validation","statusCode":400}<br><br/>Step : ========================================================================<br><br/>Step : Validating status code is equal to expected value : 400<br><br/>Step : Test Passed<br></div></td></tr></table><p class="totop"><a href="#summary">back to summary</a></p>
<h2>verify with blank email</h2><h3 id="m8">api.test.SignUpTest#tear_down</h3><table class="result"><tr class="param"><th>Parameter #1</th></tr><tr class="param stripe"><td>[TestResult name=verify_with_blank_email status=SUCCESS method=SignUpTest.verify_with_blank_email()[pri:0, instance:api.test.SignUpTest@1ab3a8c8] output=Step : ========================================================================&lt;br&gt;]</td></tr><tr><th>Exception</th></tr><tr><td><div class="stacktrace">java.lang.NullPointerException: Cannot invoke &quot;org.openqa.selenium.WebDriver.quit()&quot; because &quot;this.driver&quot; is null
	at io.unity.framework.init.base.tear_down(base.java:213)
	at java.base/java.util.ArrayList.forEach(ArrayList.java:1511)
	at io.unity.framework.runner.TestRunner.start(TestRunner.java:71)
	at Runner.Runner.main(Runner.java:10)
... Removed 27 stack frames</div></td></tr></table><p class="totop"><a href="#summary">back to summary</a></p>
<h3 id="m9">api.test.SignUpTest#verify_with_blank_email</h3><table class="result"><tr><th>Messages</th></tr><tr><td><div class="messages">Step : ========================================================================<br><br/>Step : Performing Request : signup/signup_with_blank_email<br><br/>Step : Request End Point : signup/signup_with_blank_email<br><br/>Step : Request Headers : {Content-Type=application/json}<br><br/>Step : Request body : {Content-Type=application/json}<br><br/>Step : ========================================================================<br><br/>Step : getting response : <br><br/>Step : Response object : {"messages":["email must be an email"],"error":true,"type":"validation","statusCode":400}<br><br/>Step : ========================================================================<br><br/>Step : Validating status code is equal to expected value : 400<br><br/>Step : Test Passed<br></div></td></tr></table><p class="totop"><a href="#summary">back to summary</a></p>
<h2>verify with blank timezone</h2><h3 id="m10">api.test.SignUpTest#tear_down</h3><table class="result"><tr class="param"><th>Parameter #1</th></tr><tr class="param stripe"><td>[TestResult name=verify_with_blank_timezone status=SUCCESS method=SignUpTest.verify_with_blank_timezone()[pri:0, instance:api.test.SignUpTest@40ef3420] output=Step : ========================================================================&lt;br&gt;]</td></tr><tr><th>Exception</th></tr><tr><td><div class="stacktrace">java.lang.NullPointerException: Cannot invoke &quot;org.openqa.selenium.WebDriver.quit()&quot; because &quot;this.driver&quot; is null
	at io.unity.framework.init.base.tear_down(base.java:213)
	at java.base/java.util.ArrayList.forEach(ArrayList.java:1511)
	at io.unity.framework.runner.TestRunner.start(TestRunner.java:71)
	at Runner.Runner.main(Runner.java:10)
... Removed 27 stack frames</div></td></tr></table><p class="totop"><a href="#summary">back to summary</a></p>
<h3 id="m11">api.test.SignUpTest#verify_with_blank_timezone</h3><table class="result"><tr><th>Messages</th></tr><tr><td><div class="messages">Step : ========================================================================<br><br/>Step : Performing Request : signup/signup_with_blank_timezone<br><br/>Step : Request End Point : signup/signup_with_blank_timezone<br><br/>Step : Request Headers : {Content-Type=application/json}<br><br/>Step : Request body : {Content-Type=application/json}<br><br/>Step : ========================================================================<br><br/>Step : getting response : <br><br/>Step : Response object : {"messages":[" is invalid timezone","timeZone should not be empty"],"error":true,"type":"validation","statusCode":400}<br><br/>Step : ========================================================================<br><br/>Step : Validating status code is equal to expected value : 400<br><br/>Step : Test Passed<br></div></td></tr></table><p class="totop"><a href="#summary">back to summary</a></p>
<h2>verify with same credentials</h2><h3 id="m12">api.test.SignUpTest#tear_down</h3><table class="result"><tr class="param"><th>Parameter #1</th></tr><tr class="param stripe"><td>[TestResult name=verify_with_same_credentials status=SUCCESS method=SignUpTest.verify_with_same_credentials()[pri:0, instance:api.test.SignUpTest@795cd85e] output=Step : ========================================================================&lt;br&gt;]</td></tr><tr><th>Exception</th></tr><tr><td><div class="stacktrace">java.lang.NullPointerException: Cannot invoke &quot;org.openqa.selenium.WebDriver.quit()&quot; because &quot;this.driver&quot; is null
	at io.unity.framework.init.base.tear_down(base.java:213)
	at java.base/java.util.ArrayList.forEach(ArrayList.java:1511)
	at io.unity.framework.runner.TestRunner.start(TestRunner.java:71)
	at Runner.Runner.main(Runner.java:10)
... Removed 27 stack frames</div></td></tr></table><p class="totop"><a href="#summary">back to summary</a></p>
<h3 id="m13">api.test.SignUpTest#verify_with_same_credentials</h3><table class="result"><tr><th>Messages</th></tr><tr><td><div class="messages">Step : ========================================================================<br><br/>Step : Performing Request : signup/signup_with_same_credentials<br><br/>Step : Request End Point : signup/signup_with_same_credentials<br><br/>Step : Request Headers : {Content-Type=application/json}<br><br/>Step : Request body : {Content-Type=application/json}<br><br/>Step : ========================================================================<br><br/>Step : getting response : <br><br/>Step : Response object : {"code":1001,"error":true,"type":"general","message":"User already exists","statusCode":400}<br><br/>Step : ========================================================================<br><br/>Step : Validating status code is equal to expected value : 400<br><br/>Step : Test Passed<br></div></td></tr></table><p class="totop"><a href="#summary">back to summary</a></p>
<h2>verify login with valid credentials</h2><h3 id="m14">api.test.LoginTest#tear_down</h3><table class="result"><tr class="param"><th>Parameter #1</th></tr><tr class="param stripe"><td>[TestResult name=verify_with_login_valid_credentials status=SUCCESS method=LoginTest.verify_with_login_valid_credentials()[pri:0, instance:api.test.LoginTest@4d9e68d0] output=Step : ========================================================================&lt;br&gt;]</td></tr><tr><th>Exception</th></tr><tr><td><div class="stacktrace">java.lang.NullPointerException: Cannot invoke &quot;org.openqa.selenium.WebDriver.quit()&quot; because &quot;this.driver&quot; is null
	at io.unity.framework.init.base.tear_down(base.java:213)
	at java.base/java.util.ArrayList.forEach(ArrayList.java:1511)
	at io.unity.framework.runner.TestRunner.start(TestRunner.java:71)
	at Runner.Runner.main(Runner.java:10)
... Removed 27 stack frames</div></td></tr></table><p class="totop"><a href="#summary">back to summary</a></p>
<h3 id="m15">api.test.LoginTest#verify_with_login_valid_credentials</h3><table class="result"><tr><th>Messages</th></tr><tr><td><div class="messages">Step : ========================================================================<br><br/>Step : Performing Request : login/login_with_valid_credentials<br><br/>Step : Request End Point : login/login_with_valid_credentials<br><br/>Step : Request Headers : {Content-Type=application/json}<br><br/>Step : Request body : {Content-Type=application/json}<br><br/>Step : ========================================================================<br><br/>Step : getting response : <br><br/>Step : Response object : {"payload":{"firstName":"","lastName":"","accessToken":"eyJhbGciOiJIUzI1NiIsInR5cCI6IkpXVCJ9.eyJzdWIiOjE3MTIsImlhdCI6MTY1NjA2OTc1NCwiZXhwIjoxNjU4NjYxNzU0fQ.PZeZkCITyem_ApKbUPZgouppVrJu_pcKVh7Bb8vXdHs","email":"vir@qable.io","trackingId":"M5lNR1Y1SB"},"message":"Logged in successfully","statusCode":201}<br><br/>Step : ========================================================================<br><br/>Step : Validating status code is equal to expected value : 201<br><br/>Step : Test Passed<br></div></td></tr></table><p class="totop"><a href="#summary">back to summary</a></p>
<h2>verify login with invalid email</h2><h3 id="m16">api.test.LoginTest#tear_down</h3><table class="result"><tr class="param"><th>Parameter #1</th></tr><tr class="param stripe"><td>[TestResult name=verify_with_login_invalid_email status=SUCCESS method=LoginTest.verify_with_login_invalid_email()[pri:0, instance:api.test.LoginTest@6c80d78a] output=Step : ========================================================================&lt;br&gt;]</td></tr><tr><th>Exception</th></tr><tr><td><div class="stacktrace">java.lang.NullPointerException: Cannot invoke &quot;org.openqa.selenium.WebDriver.quit()&quot; because &quot;this.driver&quot; is null
	at io.unity.framework.init.base.tear_down(base.java:213)
	at java.base/java.util.ArrayList.forEach(ArrayList.java:1511)
	at io.unity.framework.runner.TestRunner.start(TestRunner.java:71)
	at Runner.Runner.main(Runner.java:10)
... Removed 27 stack frames</div></td></tr></table><p class="totop"><a href="#summary">back to summary</a></p>
<h3 id="m17">api.test.LoginTest#verify_with_login_invalid_email</h3><table class="result"><tr><th>Messages</th></tr><tr><td><div class="messages">Step : ========================================================================<br><br/>Step : Performing Request : login/login_with_invalid_email<br><br/>Step : Request End Point : login/login_with_invalid_email<br><br/>Step : Request Headers : {Content-Type=application/json}<br><br/>Step : Request body : {Content-Type=application/json}<br><br/>Step : ========================================================================<br><br/>Step : getting response : <br><br/>Step : Response object : {"messages":["email must be an email"],"error":true,"type":"validation","statusCode":400}<br><br/>Step : ========================================================================<br><br/>Step : Validating status code is equal to expected value : 400<br><br/>Step : Test Passed<br></div></td></tr></table><p class="totop"><a href="#summary">back to summary</a></p>
<h2>verify login with blank email</h2><h3 id="m18">api.test.LoginTest#tear_down</h3><table class="result"><tr class="param"><th>Parameter #1</th></tr><tr class="param stripe"><td>[TestResult name=verify_with_login_blank_email status=SUCCESS method=LoginTest.verify_with_login_blank_email()[pri:0, instance:api.test.LoginTest@6dc17b83] output=Step : ========================================================================&lt;br&gt;]</td></tr><tr><th>Exception</th></tr><tr><td><div class="stacktrace">java.lang.NullPointerException: Cannot invoke &quot;org.openqa.selenium.WebDriver.quit()&quot; because &quot;this.driver&quot; is null
	at io.unity.framework.init.base.tear_down(base.java:213)
	at java.base/java.util.ArrayList.forEach(ArrayList.java:1511)
	at io.unity.framework.runner.TestRunner.start(TestRunner.java:71)
	at Runner.Runner.main(Runner.java:10)
... Removed 27 stack frames</div></td></tr></table><p class="totop"><a href="#summary">back to summary</a></p>
<h3 id="m19">api.test.LoginTest#verify_with_login_blank_email</h3><table class="result"><tr><th>Messages</th></tr><tr><td><div class="messages">Step : ========================================================================<br><br/>Step : Performing Request : login/login_with_blank_email<br><br/>Step : Request End Point : login/login_with_blank_email<br><br/>Step : Request Headers : {Content-Type=application/json}<br><br/>Step : Request body : {Content-Type=application/json}<br><br/>Step : ========================================================================<br><br/>Step : getting response : <br><br/>Step : Response object : {"messages":["email must be an email"],"error":true,"type":"validation","statusCode":400}<br><br/>Step : ========================================================================<br><br/>Step : Validating status code is equal to expected value : 400<br><br/>Step : Test Passed<br></div></td></tr></table><p class="totop"><a href="#summary">back to summary</a></p>
<h2>verify login with invalid password</h2><h3 id="m20">api.test.LoginTest#tear_down</h3><table class="result"><tr class="param"><th>Parameter #1</th></tr><tr class="param stripe"><td>[TestResult name=verify_with_login_invalid_password status=SUCCESS method=LoginTest.verify_with_login_invalid_password()[pri:0, instance:api.test.LoginTest@6e20b53a] output=Step : ========================================================================&lt;br&gt;]</td></tr><tr><th>Exception</th></tr><tr><td><div class="stacktrace">java.lang.NullPointerException: Cannot invoke &quot;org.openqa.selenium.WebDriver.quit()&quot; because &quot;this.driver&quot; is null
	at io.unity.framework.init.base.tear_down(base.java:213)
	at java.base/java.util.ArrayList.forEach(ArrayList.java:1511)
	at io.unity.framework.runner.TestRunner.start(TestRunner.java:71)
	at Runner.Runner.main(Runner.java:10)
... Removed 27 stack frames</div></td></tr></table><p class="totop"><a href="#summary">back to summary</a></p>
<h3 id="m21">api.test.LoginTest#verify_with_login_invalid_password</h3><table class="result"><tr><th>Messages</th></tr><tr><td><div class="messages">Step : ========================================================================<br><br/>Step : Performing Request : login/login_with_invalid_password<br><br/>Step : Request End Point : login/login_with_invalid_password<br><br/>Step : Request Headers : {Content-Type=application/json}<br><br/>Step : Request body : {Content-Type=application/json}<br><br/>Step : ========================================================================<br><br/>Step : getting response : <br><br/>Step : Response object : {"code":1001,"error":true,"type":"general","message":"Invalid username or password","statusCode":400}<br><br/>Step : ========================================================================<br><br/>Step : Validating status code is equal to expected value : 400<br><br/>Step : Test Passed<br></div></td></tr></table><p class="totop"><a href="#summary">back to summary</a></p>
<h2>verify login with blank password</h2><h3 id="m22">api.test.LoginTest#tear_down</h3><table class="result"><tr class="param"><th>Parameter #1</th></tr><tr class="param stripe"><td>[TestResult name=verify_with_login_blank_password status=SUCCESS method=LoginTest.verify_with_login_blank_password()[pri:0, instance:api.test.LoginTest@158da8e] output=Step : ========================================================================&lt;br&gt;]</td></tr><tr><th>Exception</th></tr><tr><td><div class="stacktrace">java.lang.NullPointerException: Cannot invoke &quot;org.openqa.selenium.WebDriver.quit()&quot; because &quot;this.driver&quot; is null
	at io.unity.framework.init.base.tear_down(base.java:213)
	at java.base/java.util.ArrayList.forEach(ArrayList.java:1511)
	at io.unity.framework.runner.TestRunner.start(TestRunner.java:71)
	at Runner.Runner.main(Runner.java:10)
... Removed 27 stack frames</div></td></tr></table><p class="totop"><a href="#summary">back to summary</a></p>
<h3 id="m23">api.test.LoginTest#verify_with_login_blank_password</h3><table class="result"><tr><th>Messages</th></tr><tr><td><div class="messages">Step : ========================================================================<br><br/>Step : Performing Request : login/login_with_blank_password<br><br/>Step : Request End Point : login/login_with_blank_password<br><br/>Step : Request Headers : {Content-Type=application/json}<br><br/>Step : Request body : {Content-Type=application/json}<br><br/>Step : ========================================================================<br><br/>Step : getting response : <br><br/>Step : Response object : {"messages":["password should not be empty"],"error":true,"type":"validation","statusCode":400}<br><br/>Step : ========================================================================<br><br/>Step : Validating status code is equal to expected value : 400<br><br/>Step : Test Passed<br></div></td></tr></table><p class="totop"><a href="#summary">back to summary</a></p>
</body>
</html>
